2025-10-25 12:49:19 - __main__ - INFO - Starting Migration Manager Python Services on 127.0.0.1:5000
2025-10-25 13:01:05 - __main__ - INFO - Starting Migration Manager Python Services on 127.0.0.1:5000
2025-10-25 13:01:16 - __main__ - INFO - Starting Migration Manager Python Services on 127.0.0.1:5000
2025-10-25 15:08:26 - __main__ - INFO - Starting Migration Manager Python Services on 127.0.0.1:5000
2025-10-25 15:09:48 - __main__ - INFO - Starting Migration Manager Python Services on 127.0.0.1:5000
2025-10-25 15:10:43 - main - INFO - Parsing email file: For Sale _ Landmark Church Street Corner - One of the Largest Remaining Undeveloped Sites.msg
2025-10-25 15:10:46 - main - ERROR - Error parsing email: [WinError 32] The process cannot access the file because it is being used by another process: 'temp\\For Sale _ Landmark Church Street Corner - One of the Largest Remaining Undeveloped Sites.msg'
2025-10-25 15:10:46 - main - ERROR - HTTP 500: [WinError 32] The process cannot access the file because it is being used by another process: 'temp\\For Sale _ Landmark Church Street Corner - One of the Largest Remaining Undeveloped Sites.msg'
2025-10-25 15:10:57 - main - INFO - Parsing email file: Please Sign Your Document.msg
2025-10-25 15:10:57 - main - ERROR - Error parsing email: [WinError 32] The process cannot access the file because it is being used by another process: 'temp\\Please Sign Your Document.msg'
2025-10-25 15:10:57 - main - ERROR - HTTP 500: [WinError 32] The process cannot access the file because it is being used by another process: 'temp\\Please Sign Your Document.msg'
2025-10-25 15:13:45 - __main__ - INFO - Starting Migration Manager Python Services on 127.0.0.1:5000
2025-10-25 15:15:19 - main - INFO - Parsing email file: Virtual Discussion_ Using Zoho for Student Enrollment.msg
2025-10-25 18:44:50 - __main__ - INFO - Starting Migration Manager Python Services on 127.0.0.1:5000
2025-10-25 18:45:47 - main - INFO - Parsing email file: Re_ Minh Toan LE I Tourist Visa I submit by 20_10.msg
2025-10-25 18:45:48 - main - INFO - Analyzing email: Re: Minh Toan LE I Tourist Visa I submit by 20/10
2025-10-25 19:03:33 - main - INFO - Parsing email file: Fw_ Updated TP report with Cl 55 and 56 for 71 princes Highway_ pakenham.msg
2025-10-25 19:03:34 - main - INFO - Analyzing email: Fw: Updated TP report with Cl 55 and 56 for 71 princes Highway, pakenham
2025-10-25 19:04:20 - main - INFO - Parsing email file: For Sale _ Landmark Church Street Corner - One of the Largest Remaining Undeveloped Sites.msg
2025-10-25 19:04:23 - main - INFO - Analyzing email: For Sale | Landmark Church Street Corner - One of the Largest Remaining Undeveloped Sites
2025-10-25 19:04:23 - main - INFO - Parsing email file: Please Sign Your Document.msg
2025-10-25 19:04:23 - main - INFO - Analyzing email: Please Sign Your Document
2025-10-25 19:08:33 - main - INFO - Parsing email file: Resume_Vandana Chandok for Office Manager.msg
2025-10-25 19:08:33 - main - INFO - Analyzing email: Resume_Vandana Chandok for Office Manager
2025-10-25 19:09:08 - main - INFO - Parsing email file: Fw_ LEAP Invoice INV01078195 is attached  - Bansal Lawyers.msg
2025-10-25 19:09:09 - main - INFO - Analyzing email: Fw: LEAP Invoice INV01078195 is attached  - Bansal Lawyers
2025-10-25 19:34:26 - main - INFO - Parsing email file: Fw_ InfoTrack - EFT Payment Confirmation - w876948.msg
2025-10-25 19:34:26 - main - INFO - Analyzing email: Fw: InfoTrack - EFT Payment Confirmation - w876948
2025-10-25 19:38:13 - main - INFO - Parsing email file: Fw_ Overdue Account – Action Required for GWW Account 3212470000.msg
2025-10-25 19:38:14 - main - INFO - Analyzing email: Fw: Overdue Account – Action Required for GWW Account 3212470000
2025-10-25 19:56:28 - main - INFO - Parsing email file: Fw_ InfoTrack - EFT Payment Confirmation - w876948.msg
2025-10-25 19:56:28 - main - INFO - Analyzing email: Fw: InfoTrack - EFT Payment Confirmation - w876948
2025-10-25 19:56:49 - main - INFO - Parsing email file: Fw_ Overdue Account – Action Required for GWW Account 3212470000.msg
2025-10-25 19:56:50 - main - INFO - Analyzing email: Fw: Overdue Account – Action Required for GWW Account 3212470000
2025-10-25 20:02:38 - main - INFO - Parsing email file: Change in Circumstances_ Addition of Child in Training Nomination - BCC2025_3366376 - 1525701035 - SMART HOME GROUP PTY LTD _SEC_OFFICIAL_Sensitive_ ACCESS_Personal-Privacy_.msg
2025-10-25 20:02:39 - main - INFO - Analyzing email: Change in Circumstances: Addition of Child in Training Nomination - BCC2025/3366376 - 1525701035 - SMART HOME GROUP PTY LTD [SEC=OFFICIAL:Sensitive, ACCESS=Personal-Privacy]
2025-10-25 20:05:43 - main - INFO - Parsing email file: 2319215 - Ms Davinder Kaur Ranjeet Singh Nath _SEC_OFFICIAL_Sensitive_ ACCESS_Personal-Privacy_ (1).msg
2025-10-25 20:05:43 - main - INFO - Analyzing email: 2319215 - Ms Davinder Kaur Ranjeet Singh Nath [SEC=OFFICIAL:Sensitive, ACCESS=Personal-Privacy]
2025-10-25 20:06:42 - main - INFO - Parsing email file: 2319215 - Ms Davinder Kaur Ranjeet Singh Nath _SEC_OFFICIAL_Sensitive_ ACCESS_Personal-Privacy_.msg
2025-10-25 20:06:42 - main - INFO - Analyzing email: 2319215 - Ms Davinder Kaur Ranjeet Singh Nath [SEC=OFFICIAL:Sensitive, ACCESS=Personal-Privacy]
2025-10-25 22:53:41 - __main__ - INFO - Starting Migration Manager Python Services on 127.0.0.1:5000
2025-10-25 23:02:53 - main - INFO - Parsing email file: 2319215 - Ms Davinder Kaur Ranjeet Singh Nath _SEC_OFFICIAL_Sensitive_ ACCESS_Personal-Privacy_ (1).msg
2025-10-25 23:02:54 - main - INFO - Analyzing email: 2319215 - Ms Davinder Kaur Ranjeet Singh Nath [SEC=OFFICIAL:Sensitive, ACCESS=Personal-Privacy]
2025-10-25 23:22:46 - __main__ - INFO - Starting Migration Manager Python Services on 127.0.0.1:5000
2025-10-25 23:23:03 - main - INFO - Converting page 1 of C:\xampp\htdocs\migrationmanager\storage\app\public\documents\68fcbde60ca18_IMMI Refusal Notification with Decision Record (1).pdf
2025-10-25 23:23:12 - main - ERROR - Error converting page: Expecting property name enclosed in double quotes: line 1 column 2 (char 1)
2025-10-25 23:23:12 - main - ERROR - HTTP 500: Expecting property name enclosed in double quotes: line 1 column 2 (char 1)
2025-10-25 23:23:40 - main - INFO - Validating PDF: C:\xampp\htdocs\migrationmanager\storage\app\public\documents\68fcbde60ca18_IMMI Refusal Notification with Decision Record (1).pdf
2025-10-25 23:23:40 - main - INFO - Getting PDF info for: C:\xampp\htdocs\migrationmanager\storage\app\public\documents\68fcbde60ca18_IMMI Refusal Notification with Decision Record (1).pdf
2025-10-25 23:23:40 - main - INFO - Converting page 1 of C:\xampp\htdocs\migrationmanager\storage\app\public\documents\68fcbde60ca18_IMMI Refusal Notification with Decision Record (1).pdf
2025-10-25 23:23:49 - main - INFO - Converting page 1 of C:\xampp\htdocs\migrationmanager\storage\app\public\documents\68fcbde60ca18_IMMI Refusal Notification with Decision Record (1).pdf
2025-10-25 23:24:00 - main - INFO - Converting page 1 of C:\xampp\htdocs\migrationmanager\storage\app\public\documents\68fcbde60ca18_IMMI Refusal Notification with Decision Record (1).pdf
2025-10-25 23:24:11 - main - INFO - Converting page 1 of C:\xampp\htdocs\migrationmanager\storage\app\public\documents\68fcbde60ca18_IMMI Refusal Notification with Decision Record (1).pdf
2025-10-25 23:24:29 - main - INFO - Converting page 1 of C:\xampp\htdocs\migrationmanager\storage\app\public\documents\68fcbde60ca18_IMMI Refusal Notification with Decision Record (1).pdf
2025-10-25 23:24:44 - main - INFO - Converting page 2 of C:\xampp\htdocs\migrationmanager\storage\app\public\documents\68fcbde60ca18_IMMI Refusal Notification with Decision Record (1).pdf
