2025-10-25 12:47:14 - services.email_parser_service - INFO - Email Parser Service initialized
2025-10-25 12:47:33 - services.email_parser_service - INFO - Email Parser Service initialized
2025-10-25 12:49:19 - services.email_parser_service - INFO - Email Parser Service initialized
2025-10-25 12:49:19 - services.email_parser_service - INFO - Email Parser Service initialized
2025-10-25 12:49:19 - services.email_parser_service - INFO - Email Parser Service initialized
2025-10-25 13:01:05 - services.email_parser_service - INFO - Email Parser Service initialized
2025-10-25 13:01:05 - services.email_parser_service - INFO - Email Parser Service initialized
2025-10-25 13:01:06 - services.email_parser_service - INFO - Email Parser Service initialized
2025-10-25 13:01:16 - services.email_parser_service - INFO - Email Parser Service initialized
2025-10-25 13:01:16 - services.email_parser_service - INFO - Email Parser Service initialized
2025-10-25 15:08:26 - services.email_parser_service - INFO - Email Parser Service initialized
2025-10-25 15:08:26 - services.email_parser_service - INFO - Email Parser Service initialized
2025-10-25 15:09:48 - services.email_parser_service - INFO - Email Parser Service initialized
2025-10-25 15:09:48 - services.email_parser_service - INFO - Email Parser Service initialized
2025-10-25 15:10:43 - services.email_parser_service - INFO - Parsing .msg file: temp\For Sale _ Landmark Church Street Corner - One of the Largest Remaining Undeveloped Sites.msg
2025-10-25 15:10:46 - services.email_parser_service - INFO - Successfully parsed email: For Sale | Landmark Church Street Corner - One of the Largest Remaining Undeveloped Sites
2025-10-25 15:10:57 - services.email_parser_service - INFO - Parsing .msg file: temp\Please Sign Your Document.msg
2025-10-25 15:10:57 - services.email_parser_service - INFO - Successfully parsed email: Please Sign Your Document
2025-10-25 15:13:45 - services.email_parser_service - INFO - Email Parser Service initialized
2025-10-25 15:13:45 - services.email_parser_service - INFO - Email Parser Service initialized
2025-10-25 15:15:19 - services.email_parser_service - INFO - Parsing .msg file: temp\Virtual Discussion_ Using Zoho for Student Enrollment.msg
2025-10-25 15:15:20 - services.email_parser_service - INFO - Successfully parsed email: Virtual Discussion: Using Zoho for Student Enrollment
2025-10-25 18:44:50 - services.email_parser_service - INFO - Email Parser Service initialized
2025-10-25 18:44:50 - services.email_parser_service - INFO - Email Parser Service initialized
2025-10-25 18:45:47 - services.email_parser_service - INFO - Parsing .msg file: temp\Re_ Minh Toan LE I Tourist Visa I submit by 20_10.msg
2025-10-25 18:45:48 - services.email_parser_service - INFO - Successfully parsed email: Re: Minh Toan LE I Tourist Visa I submit by 20/10
2025-10-25 19:03:33 - services.email_parser_service - INFO - Parsing .msg file: temp\Fw_ Updated TP report with Cl 55 and 56 for 71 princes Highway_ pakenham.msg
2025-10-25 19:03:34 - services.email_parser_service - INFO - Successfully parsed email: Fw: Updated TP report with Cl 55 and 56 for 71 princes Highway, pakenham
2025-10-25 19:04:20 - services.email_parser_service - INFO - Parsing .msg file: temp\For Sale _ Landmark Church Street Corner - One of the Largest Remaining Undeveloped Sites.msg
2025-10-25 19:04:22 - services.email_parser_service - INFO - Successfully parsed email: For Sale | Landmark Church Street Corner - One of the Largest Remaining Undeveloped Sites
2025-10-25 19:04:23 - services.email_parser_service - INFO - Parsing .msg file: temp\Please Sign Your Document.msg
2025-10-25 19:04:23 - services.email_parser_service - INFO - Successfully parsed email: Please Sign Your Document
2025-10-25 19:08:33 - services.email_parser_service - INFO - Parsing .msg file: temp\Resume_Vandana Chandok for Office Manager.msg
2025-10-25 19:08:33 - services.email_parser_service - INFO - Successfully parsed email: Resume_Vandana Chandok for Office Manager
2025-10-25 19:09:08 - services.email_parser_service - INFO - Parsing .msg file: temp\Fw_ LEAP Invoice INV01078195 is attached  - Bansal Lawyers.msg
2025-10-25 19:09:08 - services.email_parser_service - INFO - Successfully parsed email: Fw: LEAP Invoice INV01078195 is attached  - Bansal Lawyers
2025-10-25 19:34:26 - services.email_parser_service - INFO - Parsing .msg file: temp\Fw_ InfoTrack - EFT Payment Confirmation - w876948.msg
2025-10-25 19:34:26 - services.email_parser_service - INFO - Successfully parsed email: Fw: InfoTrack - EFT Payment Confirmation - w876948
2025-10-25 19:38:13 - services.email_parser_service - INFO - Parsing .msg file: temp\Fw_ Overdue Account – Action Required for GWW Account 3212470000.msg
2025-10-25 19:38:14 - services.email_parser_service - INFO - Successfully parsed email: Fw: Overdue Account – Action Required for GWW Account 3212470000
2025-10-25 19:56:28 - services.email_parser_service - INFO - Parsing .msg file: temp\Fw_ InfoTrack - EFT Payment Confirmation - w876948.msg
2025-10-25 19:56:28 - services.email_parser_service - INFO - Successfully parsed email: Fw: InfoTrack - EFT Payment Confirmation - w876948
2025-10-25 19:56:49 - services.email_parser_service - INFO - Parsing .msg file: temp\Fw_ Overdue Account – Action Required for GWW Account 3212470000.msg
2025-10-25 19:56:49 - services.email_parser_service - INFO - Successfully parsed email: Fw: Overdue Account – Action Required for GWW Account 3212470000
2025-10-25 20:02:38 - services.email_parser_service - INFO - Parsing .msg file: temp\Change in Circumstances_ Addition of Child in Training Nomination - BCC2025_3366376 - 1525701035 - SMART HOME GROUP PTY LTD _SEC_OFFICIAL_Sensitive_ ACCESS_Personal-Privacy_.msg
2025-10-25 20:02:39 - services.email_parser_service - INFO - Successfully parsed email: Change in Circumstances: Addition of Child in Training Nomination - BCC2025/3366376 - 1525701035 - SMART HOME GROUP PTY LTD [SEC=OFFICIAL:Sensitive, ACCESS=Personal-Privacy]
2025-10-25 20:05:43 - services.email_parser_service - INFO - Parsing .msg file: temp\2319215 - Ms Davinder Kaur Ranjeet Singh Nath _SEC_OFFICIAL_Sensitive_ ACCESS_Personal-Privacy_ (1).msg
2025-10-25 20:05:43 - services.email_parser_service - INFO - Successfully parsed email: 2319215 - Ms Davinder Kaur Ranjeet Singh Nath [SEC=OFFICIAL:Sensitive, ACCESS=Personal-Privacy]
2025-10-25 20:06:42 - services.email_parser_service - INFO - Parsing .msg file: temp\2319215 - Ms Davinder Kaur Ranjeet Singh Nath _SEC_OFFICIAL_Sensitive_ ACCESS_Personal-Privacy_.msg
2025-10-25 20:06:42 - services.email_parser_service - INFO - Successfully parsed email: 2319215 - Ms Davinder Kaur Ranjeet Singh Nath [SEC=OFFICIAL:Sensitive, ACCESS=Personal-Privacy]
2025-10-25 22:53:41 - services.email_parser_service - INFO - Email Parser Service initialized
2025-10-25 22:53:41 - services.email_parser_service - INFO - Email Parser Service initialized
2025-10-25 23:02:53 - services.email_parser_service - INFO - Parsing .msg file: temp\2319215 - Ms Davinder Kaur Ranjeet Singh Nath _SEC_OFFICIAL_Sensitive_ ACCESS_Personal-Privacy_ (1).msg
2025-10-25 23:02:54 - services.email_parser_service - INFO - Successfully parsed email: 2319215 - Ms Davinder Kaur Ranjeet Singh Nath [SEC=OFFICIAL:Sensitive, ACCESS=Personal-Privacy]
2025-10-25 23:22:46 - services.email_parser_service - INFO - Email Parser Service initialized
2025-10-25 23:22:46 - services.email_parser_service - INFO - Email Parser Service initialized
2025-10-27 16:37:52 - services.email_parser_service - INFO - Email Parser Service initialized
2025-10-27 16:37:53 - services.email_parser_service - INFO - Email Parser Service initialized
2025-10-27 16:39:13 - services.email_parser_service - INFO - Email Parser Service initialized
2025-10-27 16:39:13 - services.email_parser_service - INFO - Email Parser Service initialized
2025-10-28 11:15:35 - services.email_parser_service - INFO - Email Parser Service initialized
2025-10-28 11:15:36 - services.email_parser_service - INFO - Email Parser Service initialized
2025-10-28 11:41:32 - services.email_parser_service - INFO - Email Parser Service initialized
2025-10-28 11:41:32 - services.email_parser_service - INFO - Email Parser Service initialized
2025-10-28 18:49:59 - services.email_parser_service - INFO - Email Parser Service initialized
2025-10-28 18:49:59 - services.email_parser_service - INFO - Email Parser Service initialized
2025-10-29 13:17:45 - services.email_parser_service - INFO - Email Parser Service initialized
2025-10-29 13:17:46 - services.email_parser_service - INFO - Email Parser Service initialized
