2025-10-25 12:47:14 - services.email_analyzer_service - INFO - Email Analyzer Service initialized
2025-10-25 12:47:33 - services.email_analyzer_service - INFO - Email Analyzer Service initialized
2025-10-25 12:49:19 - services.email_analyzer_service - INFO - Email Analyzer Service initialized
2025-10-25 12:49:19 - services.email_analyzer_service - INFO - Email Analyzer Service initialized
2025-10-25 12:49:19 - services.email_analyzer_service - INFO - Analyzing email: Test Email Subject
2025-10-25 12:49:19 - services.email_analyzer_service - INFO - Analysis completed: Migration - medium priority
2025-10-25 12:49:19 - services.email_analyzer_service - INFO - Email Analyzer Service initialized
2025-10-25 12:49:19 - services.email_analyzer_service - INFO - Email Analyzer Service initialized
2025-10-25 13:01:05 - services.email_analyzer_service - INFO - Email Analyzer Service initialized
2025-10-25 13:01:05 - services.email_analyzer_service - INFO - Email Analyzer Service initialized
2025-10-25 13:01:05 - services.email_analyzer_service - INFO - Analyzing email: Test Email Subject
2025-10-25 13:01:05 - services.email_analyzer_service - INFO - Analysis completed: Migration - medium priority
2025-10-25 13:01:05 - services.email_analyzer_service - INFO - Email Analyzer Service initialized
2025-10-25 13:01:06 - services.email_analyzer_service - INFO - Email Analyzer Service initialized
2025-10-25 13:01:16 - services.email_analyzer_service - INFO - Email Analyzer Service initialized
2025-10-25 13:01:16 - services.email_analyzer_service - INFO - Email Analyzer Service initialized
2025-10-25 15:08:26 - services.email_analyzer_service - INFO - Email Analyzer Service initialized
2025-10-25 15:08:26 - services.email_analyzer_service - INFO - Email Analyzer Service initialized
2025-10-25 15:09:48 - services.email_analyzer_service - INFO - Email Analyzer Service initialized
2025-10-25 15:09:48 - services.email_analyzer_service - INFO - Email Analyzer Service initialized
2025-10-25 15:13:45 - services.email_analyzer_service - INFO - Email Analyzer Service initialized
2025-10-25 15:13:45 - services.email_analyzer_service - INFO - Email Analyzer Service initialized
2025-10-25 18:44:50 - services.email_analyzer_service - INFO - Email Analyzer Service initialized
2025-10-25 18:44:50 - services.email_analyzer_service - INFO - Email Analyzer Service initialized
2025-10-25 18:45:48 - services.email_analyzer_service - INFO - Analyzing email: Re: Minh Toan LE I Tourist Visa I submit by 20/10
2025-10-25 18:45:48 - services.email_analyzer_service - INFO - Analysis completed: Business - medium priority
2025-10-25 19:03:34 - services.email_analyzer_service - INFO - Analyzing email: Fw: Updated TP report with Cl 55 and 56 for 71 princes Highway, pakenham
2025-10-25 19:03:34 - services.email_analyzer_service - INFO - Analysis completed: Spam - high priority
2025-10-25 19:04:23 - services.email_analyzer_service - INFO - Analyzing email: For Sale | Landmark Church Street Corner - One of the Largest Remaining Undeveloped Sites
2025-10-25 19:04:23 - services.email_analyzer_service - INFO - Analysis completed: Business - high priority
2025-10-25 19:04:23 - services.email_analyzer_service - INFO - Analyzing email: Please Sign Your Document
2025-10-25 19:04:23 - services.email_analyzer_service - INFO - Analysis completed: Spam - medium priority
2025-10-25 19:08:33 - services.email_analyzer_service - INFO - Analyzing email: Resume_Vandana Chandok for Office Manager
2025-10-25 19:08:33 - services.email_analyzer_service - INFO - Analysis completed: Personal - high priority
2025-10-25 19:09:09 - services.email_analyzer_service - INFO - Analyzing email: Fw: LEAP Invoice INV01078195 is attached  - Bansal Lawyers
2025-10-25 19:09:09 - services.email_analyzer_service - INFO - Analysis completed: Migration - high priority
2025-10-25 19:34:26 - services.email_analyzer_service - INFO - Analyzing email: Fw: InfoTrack - EFT Payment Confirmation - w876948
2025-10-25 19:34:26 - services.email_analyzer_service - INFO - Analysis completed: Business - medium priority
2025-10-25 19:38:14 - services.email_analyzer_service - INFO - Analyzing email: Fw: Overdue Account – Action Required for GWW Account 3212470000
2025-10-25 19:38:14 - services.email_analyzer_service - INFO - Analysis completed: Business - high priority
2025-10-25 19:56:28 - services.email_analyzer_service - INFO - Analyzing email: Fw: InfoTrack - EFT Payment Confirmation - w876948
2025-10-25 19:56:28 - services.email_analyzer_service - INFO - Analysis completed: Business - medium priority
2025-10-25 19:56:50 - services.email_analyzer_service - INFO - Analyzing email: Fw: Overdue Account – Action Required for GWW Account 3212470000
2025-10-25 19:56:50 - services.email_analyzer_service - INFO - Analysis completed: Business - high priority
2025-10-25 20:02:39 - services.email_analyzer_service - INFO - Analyzing email: Change in Circumstances: Addition of Child in Training Nomination - BCC2025/3366376 - 1525701035 - SMART HOME GROUP PTY LTD [SEC=OFFICIAL:Sensitive, ACCESS=Personal-Privacy]
2025-10-25 20:02:39 - services.email_analyzer_service - INFO - Analysis completed: Migration - high priority
2025-10-25 20:05:43 - services.email_analyzer_service - INFO - Analyzing email: 2319215 - Ms Davinder Kaur Ranjeet Singh Nath [SEC=OFFICIAL:Sensitive, ACCESS=Personal-Privacy]
2025-10-25 20:05:43 - services.email_analyzer_service - INFO - Analysis completed: Personal - medium priority
2025-10-25 20:06:42 - services.email_analyzer_service - INFO - Analyzing email: 2319215 - Ms Davinder Kaur Ranjeet Singh Nath [SEC=OFFICIAL:Sensitive, ACCESS=Personal-Privacy]
2025-10-25 20:06:42 - services.email_analyzer_service - INFO - Analysis completed: Personal - medium priority
2025-10-25 22:53:41 - services.email_analyzer_service - INFO - Email Analyzer Service initialized
2025-10-25 22:53:41 - services.email_analyzer_service - INFO - Email Analyzer Service initialized
2025-10-25 23:02:54 - services.email_analyzer_service - INFO - Analyzing email: 2319215 - Ms Davinder Kaur Ranjeet Singh Nath [SEC=OFFICIAL:Sensitive, ACCESS=Personal-Privacy]
2025-10-25 23:02:55 - services.email_analyzer_service - INFO - Analysis completed: Personal - medium priority
2025-10-25 23:22:46 - services.email_analyzer_service - INFO - Email Analyzer Service initialized
2025-10-25 23:22:46 - services.email_analyzer_service - INFO - Email Analyzer Service initialized
2025-10-27 16:37:52 - services.email_analyzer_service - INFO - Email Analyzer Service initialized
2025-10-27 16:37:53 - services.email_analyzer_service - INFO - Email Analyzer Service initialized
2025-10-27 16:39:13 - services.email_analyzer_service - INFO - Email Analyzer Service initialized
2025-10-27 16:39:13 - services.email_analyzer_service - INFO - Email Analyzer Service initialized
2025-10-28 11:15:36 - services.email_analyzer_service - INFO - Email Analyzer Service initialized
2025-10-28 11:15:36 - services.email_analyzer_service - INFO - Email Analyzer Service initialized
2025-10-28 11:41:32 - services.email_analyzer_service - INFO - Email Analyzer Service initialized
2025-10-28 11:41:32 - services.email_analyzer_service - INFO - Email Analyzer Service initialized
2025-10-28 18:49:59 - services.email_analyzer_service - INFO - Email Analyzer Service initialized
2025-10-28 18:49:59 - services.email_analyzer_service - INFO - Email Analyzer Service initialized
2025-10-29 13:17:45 - services.email_analyzer_service - INFO - Email Analyzer Service initialized
2025-10-29 13:17:46 - services.email_analyzer_service - INFO - Email Analyzer Service initialized
